build/outputs/logs/manifest-merger-debug-report.txt
-- Merging decision tree log ---
manifest
ADDED from src\main\AndroidManifest.xml:2:1-55:12
INJECTED from src\main\AndroidManifest.xml:2:1-55:12
INJECTED from src\main\AndroidManifest.xml:2:1-55:12
INJECTED from src\main\AndroidManifest.xml:2:1-55:12
MERGED from [com.android.support:design:27.1.1] AndroidManifest.xml:17:1-22:12
MERGED from [com.android.support:appcompat-v7:27.1.1] AndroidManifest.xml:17:1-22:12
MERGED from [com.android.support.constraint:constraint-layout:1.1.3] AndroidManifest.xml:2:1-11:12
MERGED from [com.google.android.gms:play-services-maps:16.1.0] AndroidManifest.xml:17:1-38:12
MERGED from [com.android.volley:volley:1.1.0] AndroidManifest.xml:2:1-11:12
MERGED from [com.google.android.gms:play-services-base:16.0.1] AndroidManifest.xml:17:1-29:12
MERGED from [com.google.android.gms:play-services-tasks:16.0.1] AndroidManifest.xml:2:1-9:12
MERGED from [com.google.android.gms:play-services-basement:16.0.1] AndroidManifest.xml:17:1-28:12
MERGED from [com.android.support:support-v4:27.1.1] AndroidManifest.xml:17:1-22:12
MERGED from [com.android.support:support-fragment:27.1.1] AndroidManifest.xml:17:1-22:12
MERGED from [com.android.support:animated-vector-drawable:27.1.1] AndroidManifest.xml:17:1-22:12
MERGED from [com.android.support:recyclerview-v7:27.1.1] AndroidManifest.xml:17:1-22:12
MERGED from [com.android.support:support-core-ui:27.1.1] AndroidManifest.xml:17:1-22:12
MERGED from [com.android.support:support-core-utils:27.1.1] AndroidManifest.xml:17:1-22:12
MERGED from [com.android.support:support-vector-drawable:27.1.1] AndroidManifest.xml:17:1-22:12
MERGED from [com.android.support:transition:27.1.1] AndroidManifest.xml:17:1-22:12
MERGED from [com.android.support:support-media-compat:27.1.1] AndroidManifest.xml:17:1-22:12
MERGED from [com.android.support:support-compat:27.1.1] AndroidManifest.xml:17:1-22:12
MERGED from [android.arch.lifecycle:livedata-core:1.1.0] AndroidManifest.xml:17:1-22:12
MERGED from [android.arch.lifecycle:viewmodel:1.1.0] AndroidManifest.xml:17:1-22:12
MERGED from [android.arch.lifecycle:runtime:1.1.0] AndroidManifest.xml:17:1-22:12
MERGED from [android.arch.core:runtime:1.1.0] AndroidManifest.xml:17:1-22:12
INJECTED from src\main\AndroidManifest.xml:2:1-55:12
INJECTED from src\main\AndroidManifest.xml:2:1-55:12
INJECTED from src\main\AndroidManifest.xml:2:1-55:12
	package
		ADDED from src\main\AndroidManifest.xml:2:70-91
		INJECTED from src\main\AndroidManifest.xml
		INJECTED from src\main\AndroidManifest.xml
	android:versionName
		INJECTED from src\main\AndroidManifest.xml
		ADDED from src\main\AndroidManifest.xml:2:1-55:12
		INJECTED from src\main\AndroidManifest.xml
	android:versionCode
		INJECTED from src\main\AndroidManifest.xml
		ADDED from src\main\AndroidManifest.xml:2:1-55:12
		INJECTED from src\main\AndroidManifest.xml
	xmlns:android
		ADDED from src\main\AndroidManifest.xml:2:11-69
	android:installLocation
		ADDED from src\main\AndroidManifest.xml:2:92-132
uses-permission#android.permission.GET_ACCOUNTS
ADDED from src\main\AndroidManifest.xml:4:3-69
	android:name
		ADDED from src\main\AndroidManifest.xml:4:20-66
uses-permission#android.permission.READ_PROFILE
ADDED from src\main\AndroidManifest.xml:5:3-69
	android:name
		ADDED from src\main\AndroidManifest.xml:5:20-66
uses-permission#android.permission.READ_CONTACTS
ADDED from src\main\AndroidManifest.xml:6:3-70
	android:name
		ADDED from src\main\AndroidManifest.xml:6:20-67
uses-permission#android.permission.ACCESS_FINE_LOCATION
ADDED from src\main\AndroidManifest.xml:12:3-77
	android:name
		ADDED from src\main\AndroidManifest.xml:12:20-74
application
ADDED from src\main\AndroidManifest.xml:14:3-47:17
MERGED from [com.android.support.constraint:constraint-layout:1.1.3] AndroidManifest.xml:9:5-20
MERGED from [com.android.support.constraint:constraint-layout:1.1.3] AndroidManifest.xml:9:5-20
MERGED from [com.google.android.gms:play-services-maps:16.1.0] AndroidManifest.xml:30:5-36:19
MERGED from [com.google.android.gms:play-services-maps:16.1.0] AndroidManifest.xml:30:5-36:19
MERGED from [com.android.volley:volley:1.1.0] AndroidManifest.xml:9:5-20
MERGED from [com.android.volley:volley:1.1.0] AndroidManifest.xml:9:5-20
MERGED from [com.google.android.gms:play-services-base:16.0.1] AndroidManifest.xml:22:5-27:19
MERGED from [com.google.android.gms:play-services-base:16.0.1] AndroidManifest.xml:22:5-27:19
MERGED from [com.google.android.gms:play-services-tasks:16.0.1] AndroidManifest.xml:7:5-20
MERGED from [com.google.android.gms:play-services-tasks:16.0.1] AndroidManifest.xml:7:5-20
MERGED from [com.google.android.gms:play-services-basement:16.0.1] AndroidManifest.xml:22:5-26:19
MERGED from [com.google.android.gms:play-services-basement:16.0.1] AndroidManifest.xml:22:5-26:19
	android:supportsRtl
		ADDED from src\main\AndroidManifest.xml:14:157-183
	android:label
		ADDED from src\main\AndroidManifest.xml:14:78-110
	android:roundIcon
		ADDED from src\main\AndroidManifest.xml:14:111-156
	android:icon
		ADDED from src\main\AndroidManifest.xml:14:43-77
	android:allowBackup
		ADDED from src\main\AndroidManifest.xml:14:16-42
	android:banner
		ADDED from src\main\AndroidManifest.xml:14:238-275
	android:theme
		ADDED from src\main\AndroidManifest.xml:14:184-215
	android:isGame
		ADDED from src\main\AndroidManifest.xml:14:216-237
activity#com.EE5.arm.LoginPageActivity
ADDED from src\main\AndroidManifest.xml:15:5-21:16
	android:name
		ADDED from src\main\AndroidManifest.xml:15:15-48
intent-filter#action:name:android.intent.action.MAIN+category:name:android.intent.category.LAUNCHER+category:name:android.intent.category.LEANBACK_LAUNCHER
ADDED from src\main\AndroidManifest.xml:16:7-20:23
action#android.intent.action.MAIN
ADDED from src\main\AndroidManifest.xml:17:9-61
	android:name
		ADDED from src\main\AndroidManifest.xml:17:17-58
category#android.intent.category.LAUNCHER
ADDED from src\main\AndroidManifest.xml:18:9-69
	android:name
		ADDED from src\main\AndroidManifest.xml:18:19-66
category#android.intent.category.LEANBACK_LAUNCHER
ADDED from src\main\AndroidManifest.xml:19:9-78
	android:name
		ADDED from src\main\AndroidManifest.xml:19:19-75
activity#com.EE5.arm.Driver_mainpage
ADDED from src\main\AndroidManifest.xml:22:5-49
	android:name
		ADDED from src\main\AndroidManifest.xml:22:15-46
activity#com.EE5.arm.Upload_page
ADDED from src\main\AndroidManifest.xml:23:5-45
	android:name
		ADDED from src\main\AndroidManifest.xml:23:15-42
activity#com.EE5.arm.Arm_state_page
ADDED from src\main\AndroidManifest.xml:24:5-48
	android:name
		ADDED from src\main\AndroidManifest.xml:24:15-45
activity#com.EE5.arm.Administrator_mainpage
ADDED from src\main\AndroidManifest.xml:25:5-56
	android:name
		ADDED from src\main\AndroidManifest.xml:25:15-53
activity#com.EE5.arm.Data_checking_M_Name_List
ADDED from src\main\AndroidManifest.xml:26:5-59
	android:name
		ADDED from src\main\AndroidManifest.xml:26:15-56
activity#com.EE5.arm.Data_page
ADDED from src\main\AndroidManifest.xml:27:5-43
	android:name
		ADDED from src\main\AndroidManifest.xml:27:15-40
activity#com.EE5.arm.Joystick_data_page
ADDED from src\main\AndroidManifest.xml:28:5-52
	android:name
		ADDED from src\main\AndroidManifest.xml:28:15-49
activity#com.EE5.arm.Temperature_sensor_data_page
ADDED from src\main\AndroidManifest.xml:29:5-62
	android:name
		ADDED from src\main\AndroidManifest.xml:29:15-59
activity#com.EE5.arm.Ventilator_data_page
ADDED from src\main\AndroidManifest.xml:30:5-54
	android:name
		ADDED from src\main\AndroidManifest.xml:30:15-51
activity#com.EE5.arm.UnityPlayerActivity
ADDED from src\main\AndroidManifest.xml:31:5-53
	android:name
		ADDED from src\main\AndroidManifest.xml:31:15-50
meta-data#com.google.android.geo.API_KEY
ADDED from src\main\AndroidManifest.xml:40:5-120
	android:value
		ADDED from src\main\AndroidManifest.xml:40:62-117
	android:name
		ADDED from src\main\AndroidManifest.xml:40:16-61
meta-data#com.google.android.gms.version
ADDED from src\main\AndroidManifest.xml:41:5-118
MERGED from [com.google.android.gms:play-services-basement:16.0.1] AndroidManifest.xml:23:9-25:69
MERGED from [com.google.android.gms:play-services-basement:16.0.1] AndroidManifest.xml:23:9-25:69
	android:value
		ADDED from src\main\AndroidManifest.xml:41:62-115
	android:name
		ADDED from src\main\AndroidManifest.xml:41:16-61
activity#com.EE5.arm.Maps
ADDED from src\main\AndroidManifest.xml:42:5-82
	android:label
		ADDED from src\main\AndroidManifest.xml:42:36-79
	android:name
		ADDED from src\main\AndroidManifest.xml:42:15-35
activity#com.EE5.arm.Data_checking_Session_List
ADDED from src\main\AndroidManifest.xml:43:5-159
	android:label
		ADDED from src\main\AndroidManifest.xml:43:58-112
	android:theme
		ADDED from src\main\AndroidManifest.xml:43:113-156
	android:name
		ADDED from src\main\AndroidManifest.xml:43:15-57
meta-data#unity.build-id
ADDED from src\main\AndroidManifest.xml:44:5-101
	android:value
		ADDED from src\main\AndroidManifest.xml:44:46-98
	android:name
		ADDED from src\main\AndroidManifest.xml:44:16-45
meta-data#unity.splash-mode
ADDED from src\main\AndroidManifest.xml:45:5-69
	android:value
		ADDED from src\main\AndroidManifest.xml:45:49-66
	android:name
		ADDED from src\main\AndroidManifest.xml:45:16-48
meta-data#unity.splash-enable
ADDED from src\main\AndroidManifest.xml:46:5-74
	android:value
		ADDED from src\main\AndroidManifest.xml:46:51-71
	android:name
		ADDED from src\main\AndroidManifest.xml:46:16-50
uses-feature#0x00020000
ADDED from src\main\AndroidManifest.xml:48:3-52
MERGED from [com.google.android.gms:play-services-maps:16.1.0] AndroidManifest.xml:26:5-28:35
MERGED from [com.google.android.gms:play-services-maps:16.1.0] AndroidManifest.xml:26:5-28:35
	android:glEsVersion
		ADDED from src\main\AndroidManifest.xml:48:17-49
	android:required
		ADDED from [com.google.android.gms:play-services-maps:16.1.0] AndroidManifest.xml:28:9-32
uses-permission#android.permission.INTERNET
ADDED from src\main\AndroidManifest.xml:49:3-65
MERGED from [com.google.android.gms:play-services-maps:16.1.0] AndroidManifest.xml:24:5-67
MERGED from [com.google.android.gms:play-services-maps:16.1.0] AndroidManifest.xml:24:5-67
	android:name
		ADDED from src\main\AndroidManifest.xml:49:20-62
uses-permission#android.permission.WRITE_EXTERNAL_STORAGE
ADDED from src\main\AndroidManifest.xml:50:3-106
	android:maxSdkVersion
		ADDED from src\main\AndroidManifest.xml:50:77-103
	android:name
		ADDED from src\main\AndroidManifest.xml:50:20-76
uses-permission#android.permission.READ_EXTERNAL_STORAGE
ADDED from src\main\AndroidManifest.xml:51:3-105
	android:maxSdkVersion
		ADDED from src\main\AndroidManifest.xml:51:76-102
	android:name
		ADDED from src\main\AndroidManifest.xml:51:20-75
uses-feature#android.hardware.touchscreen
ADDED from src\main\AndroidManifest.xml:52:3-88
	android:required
		ADDED from src\main\AndroidManifest.xml:52:61-85
	android:name
		ADDED from src\main\AndroidManifest.xml:52:17-60
uses-feature#android.hardware.touchscreen.multitouch
ADDED from src\main\AndroidManifest.xml:53:3-99
	android:required
		ADDED from src\main\AndroidManifest.xml:53:72-96
	android:name
		ADDED from src\main\AndroidManifest.xml:53:17-71
uses-feature#android.hardware.touchscreen.multitouch.distinct
ADDED from src\main\AndroidManifest.xml:54:3-108
	android:required
		ADDED from src\main\AndroidManifest.xml:54:81-105
	android:name
		ADDED from src\main\AndroidManifest.xml:54:17-80
uses-sdk
INJECTED from src\main\AndroidManifest.xml reason: use-sdk injection requested
INJECTED from src\main\AndroidManifest.xml
INJECTED from src\main\AndroidManifest.xml
MERGED from [com.android.support:design:27.1.1] AndroidManifest.xml:20:5-44
MERGED from [com.android.support:design:27.1.1] AndroidManifest.xml:20:5-44
MERGED from [com.android.support:appcompat-v7:27.1.1] AndroidManifest.xml:20:5-44
MERGED from [com.android.support:appcompat-v7:27.1.1] AndroidManifest.xml:20:5-44
MERGED from [com.android.support.constraint:constraint-layout:1.1.3] AndroidManifest.xml:5:5-7:41
MERGED from [com.android.support.constraint:constraint-layout:1.1.3] AndroidManifest.xml:5:5-7:41
MERGED from [com.google.android.gms:play-services-maps:16.1.0] AndroidManifest.xml:20:5-44
MERGED from [com.google.android.gms:play-services-maps:16.1.0] AndroidManifest.xml:20:5-44
MERGED from [com.android.volley:volley:1.1.0] AndroidManifest.xml:7:5-43
MERGED from [com.android.volley:volley:1.1.0] AndroidManifest.xml:7:5-43
MERGED from [com.google.android.gms:play-services-base:16.0.1] AndroidManifest.xml:20:5-44
MERGED from [com.google.android.gms:play-services-base:16.0.1] AndroidManifest.xml:20:5-44
MERGED from [com.google.android.gms:play-services-tasks:16.0.1] AndroidManifest.xml:5:5-44
MERGED from [com.google.android.gms:play-services-tasks:16.0.1] AndroidManifest.xml:5:5-44
MERGED from [com.google.android.gms:play-services-basement:16.0.1] AndroidManifest.xml:20:5-44
MERGED from [com.google.android.gms:play-services-basement:16.0.1] AndroidManifest.xml:20:5-44
MERGED from [com.android.support:support-v4:27.1.1] AndroidManifest.xml:20:5-44
MERGED from [com.android.support:support-v4:27.1.1] AndroidManifest.xml:20:5-44
MERGED from [com.android.support:support-fragment:27.1.1] AndroidManifest.xml:20:5-44
MERGED from [com.android.support:support-fragment:27.1.1] AndroidManifest.xml:20:5-44
MERGED from [com.android.support:animated-vector-drawable:27.1.1] AndroidManifest.xml:20:5-44
MERGED from [com.android.support:animated-vector-drawable:27.1.1] AndroidManifest.xml:20:5-44
MERGED from [com.android.support:recyclerview-v7:27.1.1] AndroidManifest.xml:20:5-44
MERGED from [com.android.support:recyclerview-v7:27.1.1] AndroidManifest.xml:20:5-44
MERGED from [com.android.support:support-core-ui:27.1.1] AndroidManifest.xml:20:5-44
MERGED from [com.android.support:support-core-ui:27.1.1] AndroidManifest.xml:20:5-44
MERGED from [com.android.support:support-core-utils:27.1.1] AndroidManifest.xml:20:5-44
MERGED from [com.android.support:support-core-utils:27.1.1] AndroidManifest.xml:20:5-44
MERGED from [com.android.support:support-vector-drawable:27.1.1] AndroidManifest.xml:20:5-44
MERGED from [com.android.support:support-vector-drawable:27.1.1] AndroidManifest.xml:20:5-44
MERGED from [com.android.support:transition:27.1.1] AndroidManifest.xml:20:5-44
MERGED from [com.android.support:transition:27.1.1] AndroidManifest.xml:20:5-44
MERGED from [com.android.support:support-media-compat:27.1.1] AndroidManifest.xml:20:5-44
MERGED from [com.android.support:support-media-compat:27.1.1] AndroidManifest.xml:20:5-44
MERGED from [com.android.support:support-compat:27.1.1] AndroidManifest.xml:20:5-44
MERGED from [com.android.support:support-compat:27.1.1] AndroidManifest.xml:20:5-44
MERGED from [android.arch.lifecycle:livedata-core:1.1.0] AndroidManifest.xml:20:5-44
MERGED from [android.arch.lifecycle:livedata-core:1.1.0] AndroidManifest.xml:20:5-44
MERGED from [android.arch.lifecycle:viewmodel:1.1.0] AndroidManifest.xml:20:5-44
MERGED from [android.arch.lifecycle:viewmodel:1.1.0] AndroidManifest.xml:20:5-44
MERGED from [android.arch.lifecycle:runtime:1.1.0] AndroidManifest.xml:20:5-44
MERGED from [android.arch.lifecycle:runtime:1.1.0] AndroidManifest.xml:20:5-44
MERGED from [android.arch.core:runtime:1.1.0] AndroidManifest.xml:20:5-44
MERGED from [android.arch.core:runtime:1.1.0] AndroidManifest.xml:20:5-44
INJECTED from src\main\AndroidManifest.xml
INJECTED from src\main\AndroidManifest.xml
	android:targetSdkVersion
		INJECTED from src\main\AndroidManifest.xml
		ADDED from src\main\AndroidManifest.xml
		INJECTED from src\main\AndroidManifest.xml
	android:minSdkVersion
		INJECTED from src\main\AndroidManifest.xml
		ADDED from src\main\AndroidManifest.xml
		INJECTED from src\main\AndroidManifest.xml
uses-permission#android.permission.ACCESS_NETWORK_STATE
ADDED from [com.google.android.gms:play-services-maps:16.1.0] AndroidManifest.xml:23:5-79
	android:name
		ADDED from [com.google.android.gms:play-services-maps:16.1.0] AndroidManifest.xml:23:22-76
uses-library#org.apache.http.legacy
ADDED from [com.google.android.gms:play-services-maps:16.1.0] AndroidManifest.xml:33:9-35:40
	android:required
		ADDED from [com.google.android.gms:play-services-maps:16.1.0] AndroidManifest.xml:35:13-37
	android:name
		ADDED from [com.google.android.gms:play-services-maps:16.1.0] AndroidManifest.xml:34:13-50
activity#com.google.android.gms.common.api.GoogleApiActivity
ADDED from [com.google.android.gms:play-services-base:16.0.1] AndroidManifest.xml:23:9-26:75
	android:exported
		ADDED from [com.google.android.gms:play-services-base:16.0.1] AndroidManifest.xml:25:13-37
	android:theme
		ADDED from [com.google.android.gms:play-services-base:16.0.1] AndroidManifest.xml:26:13-72
	android:name
		ADDED from [com.google.android.gms:play-services-base:16.0.1] AndroidManifest.xml:24:13-79